This file contains any messages produced by compilers while
running configure, to aid debugging if configure makes a mistake.

It was created by configure, which was
generated by GNU Autoconf 2.72.  Invocation command line was

  $ ./configure --with-libpq=/usr

## --------- ##
## Platform. ##
## --------- ##

hostname = localhost.localdomain
uname -m = x86_64
uname -r = 6.19.9-1-default
uname -s = Linux
uname -v = #1 SMP PREEMPT_DYNAMIC Thu Mar 19 16:58:00 UTC 2026 (456e860)

/usr/bin/uname -p = x86_64
/bin/uname -X     = unknown

/bin/arch              = x86_64
/usr/bin/arch -k       = unknown
/usr/convex/getsysinfo = unknown
/usr/bin/hostinfo      = unknown
/bin/machine           = unknown
/usr/bin/oslevel       = unknown
/bin/universe          = unknown

PATH: /bin/
PATH: /home/k/bin/
PATH: /home/k/.config/composer/vendor/bin/
PATH: /home/k/.bun/bin/
PATH: /home/k/bin/
PATH: /home/k/.local/bin/
PATH: /home/k/bin/
PATH: /usr/local/bin/
PATH: /usr/bin/
PATH: /bin/
PATH: /home/k/.dual-graph/


## ----------- ##
## Core tests. ##
## ----------- ##

configure:2130: loading site script /usr/share/site/x86_64-pc-linux-gnu
| #!/bin/sh
| # Site script for configure. It is resourced via $CONFIG_SITE environment varaible.
| 
| # If user did not specify libdir, guess the correct target:
| # Use lib64 for 64 bit bi-arch targets, keep the default for the rest.
| if test "$libdir" = '${exec_prefix}/lib' ; then
| 
| 	ac_config_site_64bit_host=NONE
| 
| 	case "$host" in
| 	"" )
| 		# User did not specify host target.
| 		# The native platform x86_64 is a bi-arch platform.
| 		# Try to detect cross-compilation to inferior architecture.
| 
| 		# We are trying to guess 32-bit target compilation. It's not as easy as
| 		# it sounds, as there is possible several intermediate combinations.
| 		ac_config_site_cross_to_32bit_host=NONE
| 
| 		# User defined -m32 in CFLAGS or CXXFLAGS or CC or CXX:
| 		# (It's sufficient for 32-bit, but alone may cause mis-behavior of some checks.)
| 		case "$CFLAGS $CXXFLAGS $CC $CXX" in
| 		*-m32*)
| 			ac_config_site_cross_to_32bit_host=YES
| 			;;
| 		esac
| 
| 		# Running with linux32:
| 		# (Changes detected platform, but not the toolchain target.)
| 		case "`/bin/uname -i`" in
| 		x86_64 | ppc64 | s390x | aarch64 )
| 			;;
| 		* )
| 			ac_config_site_cross_to_32bit_host=YES
| 			;;
| 		esac
| 
| 		if test "x$ac_config_site_cross_to_32bit_host" = xNONE; then
| 			ac_config_site_64bit_host=YES
| 		fi
| 
| 		;;
| 	*x86_64* | *ppc64* | *s390x* | *aarch64* )
| 		ac_config_site_64bit_host=YES
| 		;;
| 	esac
| 
| 	if test "x$ac_config_site_64bit_host" = xYES; then
| 		case "$OUT_DIR" in
| 		# rust cargo hardcodes $OUT_DIR/lib
| 		*cargo* )
| 			;;
| 		* )
| 			libdir='${exec_prefix}/lib64'
| 			;;
| 		esac
| 	fi
| fi
| 
| # Continue with the standard behavior of configure defined in AC_SITE_LOAD:
| if test "x$prefix" != xNONE; then
| 	ac_site_files="$prefix/share/config.site $prefix/etc/config.site"
| else
| 	ac_site_files="$ac_default_prefix/share/config.site $ac_default_prefix/etc/config.site"
| fi
| 
| for ac_site_file in $ac_site_files
| do
| 	case $ac_site_file in #(
| 	*/*) :
| 		 ;; #(
| 	*) :
| 		ac_site_file=./$ac_site_file ;;
| esac
| 	if test -f "$ac_site_file" && test -r "$ac_site_file"; then
| 		{ printf "%s\n" "/usr/share/site/x86_64-pc-linux-gnu:${as_lineno-$LINENO}: loading site script $ac_site_file" >&5
| printf "%s\n" "/usr/share/site/x86_64-pc-linux-gnu: loading site script $ac_site_file" >&6;}
| 		sed 's/^/| /' "$ac_site_file" >&5
| 		. "$ac_site_file" \
| 			|| { { printf "%s\n" "/usr/share/site/x86_64-pc-linux-gnu:${as_lineno-$LINENO}: error: in '$ac_pwd':" >&5
| printf "%s\n" "/usr/share/site/x86_64-pc-linux-gnu: error: in '$ac_pwd':" >&2;}
| as_fn_error $? "failed to load site script $ac_site_file
| See 'config.log' for more details" "$LINENO" 5; }
| 	fi
| done
configure:2506: looking for aux files: config.guess config.sub
configure:2519:  trying ./build/
configure:2548:   ./build/config.guess found
configure:2548:   ./build/config.sub found
configure:2666: checking for grep that handles long lines and -e
configure:2732: result: /bin/grep
configure:2737: checking for egrep
configure:2807: result: /bin/grep -E
configure:2814: checking for a sed that does not truncate output
configure:2886: result: /bin/sed
configure:2963: checking build system type
configure:2979: result: x86_64-pc-linux-gnu
configure:2999: checking host system type
configure:3014: result: x86_64-pc-linux-gnu
configure:3034: checking target system type
configure:3049: result: x86_64-pc-linux-gnu
configure:3101: checking for gawk
configure:3123: found /bin/gawk
configure:3135: result: gawk
configure:3243: checking for pkg-config
configure:3266: found /bin/pkg-config
configure:3279: result: /bin/pkg-config
configure:3304: checking pkg-config is at least version 0.9.0
configure:3307: result: yes
configure:3384: checking for cc
configure:3405: found /bin/cc
configure:3417: result: cc
configure:3448: checking for C compiler version
configure:3457: cc --version >&5
cc (SUSE Linux) 15.2.1 20260202
Copyright (C) 2025 Free Software Foundation, Inc.
This is free software; see the source for copying conditions.  There is NO
warranty; not even for MERCHANTABILITY or FITNESS FOR A PARTICULAR PURPOSE.

configure:3468: $? = 0
configure:3457: cc -v >&5
Using built-in specs.
COLLECT_GCC=cc
COLLECT_LTO_WRAPPER=/usr/lib64/gcc/x86_64-suse-linux/15/lto-wrapper
OFFLOAD_TARGET_NAMES=nvptx-none:amdgcn-amdhsa
OFFLOAD_TARGET_DEFAULT=1
Target: x86_64-suse-linux
Configured with: ../configure CFLAGS=' -O2 -funwind-tables -fasynchronous-unwind-tables -fstack-clash-protection -Werror=return-type -g' CXXFLAGS=' -O2 -funwind-tables -fasynchronous-unwind-tables -fstack-clash-protection -Werror=return-type -g' XCFLAGS=' -O2 -funwind-tables -fasynchronous-unwind-tables -fstack-clash-protection -Werror=return-type -g' TCFLAGS=' -O2 -funwind-tables -fasynchronous-unwind-tables -fstack-clash-protection -Werror=return-type -g' GDCFLAGS=' -O2 -funwind-tables -fasynchronous-unwind-tables -fstack-clash-protection -g' --prefix=/usr --infodir=/usr/share/info --mandir=/usr/share/man --libdir=/usr/lib64 --libexecdir=/usr/lib64 --enable-languages=c,c++,objc,fortran,obj-c++,ada,go,d,jit,m2,cobol --enable-offload-targets=nvptx-none,amdgcn-amdhsa, --enable-offload-defaulted --without-cuda-driver --enable-host-shared --enable-checking=release --disable-werror --with-gxx-include-dir=/usr/include/c++/15 --with-libstdcxx-zoneinfo=/usr/share/zoneinfo --enable-ssp --disable-libssp --disable-libvtv --enable-cet=auto --disable-libcc1 --enable-plugin --with-bugurl=https://bugs.opensuse.org/ --with-pkgversion='SUSE Linux' --with-slibdir=/lib64 --with-system-zlib --enable-libstdcxx-allocator=new --disable-libstdcxx-pch --enable-libphobos --enable-version-specific-runtime-libs --with-gcc-major-version-only --enable-linker-build-id --enable-linux-futex --enable-gnu-indirect-function --program-suffix=-15 --without-system-libunwind --enable-multilib --with-arch-32=x86-64 --with-tune=generic --with-build-config=bootstrap-lto-lean --enable-link-serialization --build=x86_64-suse-linux --host=x86_64-suse-linux
Thread model: posix
Supported LTO compression algorithms: zlib zstd
gcc version 15.2.1 20260202 (SUSE Linux) 
... rest of stderr output deleted ...
configure:3468: $? = 0
configure:3457: cc -V >&5
cc: error: unrecognized command-line option '-V'
cc: fatal error: no input files
compilation terminated.
configure:3468: $? = 1
configure:3457: cc -qversion >&5
cc: error: unrecognized command-line option '-qversion'; did you mean '--version'?
cc: fatal error: no input files
compilation terminated.
configure:3468: $? = 1
configure:3457: cc -version >&5
cc: error: unrecognized command-line option '-version'
cc: fatal error: no input files
compilation terminated.
configure:3468: $? = 1
configure:3488: checking whether the C compiler works
configure:3510: cc    conftest.c  >&5
configure:3514: $? = 0
configure:3565: result: yes
configure:3569: checking for C compiler default output file name
configure:3571: result: a.out
configure:3577: checking for suffix of executables
configure:3584: cc -o conftest    conftest.c  >&5
configure:3588: $? = 0
configure:3612: result: 
configure:3636: checking whether we are cross compiling
configure:3644: cc -o conftest    conftest.c  >&5
configure:3648: $? = 0
configure:3655: ./conftest
configure:3659: $? = 0
configure:3674: result: no
configure:3680: checking for suffix of object files
configure:3703: cc -c   conftest.c >&5
configure:3707: $? = 0
configure:3731: result: o
configure:3735: checking whether the compiler supports GNU C
configure:3755: cc -c   conftest.c >&5
configure:3755: $? = 0
configure:3767: result: yes
configure:3778: checking whether cc accepts -g
configure:3799: cc -c -g  conftest.c >&5
configure:3799: $? = 0
configure:3846: result: yes
configure:3866: checking for cc option to enable C11 features
configure:3881: cc  -c -g -O2  conftest.c >&5
configure:3881: $? = 0
configure:3900: result: none needed
configure:4024: checking how to run the C preprocessor
configure:4050: cc -E  conftest.c
configure:4050: $? = 0
configure:4066: cc -E  conftest.c
conftest.c:9:10: fatal error: ac_nonexistent.h: No such file or directory
    9 | #include <ac_nonexistent.h>
      |          ^~~~~~~~~~~~~~~~~~
compilation terminated.
configure:4066: $? = 1
configure: failed program was:
| /* confdefs.h */
| #define PACKAGE_NAME ""
| #define PACKAGE_TARNAME ""
| #define PACKAGE_VERSION ""
| #define PACKAGE_STRING ""
| #define PACKAGE_BUGREPORT ""
| #define PACKAGE_URL ""
| /* end confdefs.h.  */
| #include <ac_nonexistent.h>
configure:4095: result: cc -E
configure:4109: cc -E  conftest.c
configure:4109: $? = 0
configure:4125: cc -E  conftest.c
conftest.c:9:10: fatal error: ac_nonexistent.h: No such file or directory
    9 | #include <ac_nonexistent.h>
      |          ^~~~~~~~~~~~~~~~~~
compilation terminated.
configure:4125: $? = 1
configure: failed program was:
| /* confdefs.h */
| #define PACKAGE_NAME ""
| #define PACKAGE_TARNAME ""
| #define PACKAGE_VERSION ""
| #define PACKAGE_STRING ""
| #define PACKAGE_BUGREPORT ""
| #define PACKAGE_URL ""
| /* end confdefs.h.  */
| #include <ac_nonexistent.h>
configure:4158: checking for egrep -e
configure:4288: result: /bin/grep -E
configure:4294: checking for icc
configure:4304: result: no
configure:4319: checking for suncc
configure:4329: result: no
configure:4348: checking for system library directory
configure:4365: result: lib
configure:4372: checking if compiler supports -Wl,-rpath,
configure:4392: cc -o conftest -g -O2   conftest.c -Wl,-rpath,/usr/lib  >&5
configure:4392: $? = 0
configure:4405: result: yes
configure:4529: checking for PHP prefix
configure:4531: result: /usr
configure:4533: checking for PHP includes
configure:4535: result: -I/usr/include/php8 -I/usr/include/php8/main -I/usr/include/php8/TSRM -I/usr/include/php8/Zend -I/usr/include/php8/ext -I/usr/include/php8/ext/date/lib
configure:4537: checking for PHP extension directory
configure:4539: result: /usr/lib64/php8/extensions
configure:4541: checking for PHP installed headers prefix
configure:4543: result: /usr/include/php8
configure:4546: checking if debugging is enabled
configure:4570: result: no
configure:4573: checking if PHP is built with thread safety (ZTS)
configure:4597: result: no
configure:4674: result: 
configure:4676: result: [1mConfiguring extension[m
configure:4684: checking whether to enable pgsql_mapper support
configure:4725: result: yes, shared
configure:4733: checking for libpq via pkg-config
configure:4739: result: found
configure:4925: checking for stdio.h
configure:4925: cc -c -g -O2  -I/usr/include/pgsql -I/usr/include/php8 -I/usr/include/php8/main -I/usr/include/php8/TSRM -I/usr/include/php8/Zend -I/usr/include/php8/ext -I/usr/include/php8/ext/date/lib -I/usr/include/pgsql conftest.c >&5
configure:4925: $? = 0
configure:4925: result: yes
configure:4925: checking for stdlib.h
configure:4925: cc -c -g -O2  -I/usr/include/pgsql -I/usr/include/php8 -I/usr/include/php8/main -I/usr/include/php8/TSRM -I/usr/include/php8/Zend -I/usr/include/php8/ext -I/usr/include/php8/ext/date/lib -I/usr/include/pgsql conftest.c >&5
configure:4925: $? = 0
configure:4925: result: yes
configure:4925: checking for string.h
configure:4925: cc -c -g -O2  -I/usr/include/pgsql -I/usr/include/php8 -I/usr/include/php8/main -I/usr/include/php8/TSRM -I/usr/include/php8/Zend -I/usr/include/php8/ext -I/usr/include/php8/ext/date/lib -I/usr/include/pgsql conftest.c >&5
configure:4925: $? = 0
configure:4925: result: yes
configure:4925: checking for inttypes.h
configure:4925: cc -c -g -O2  -I/usr/include/pgsql -I/usr/include/php8 -I/usr/include/php8/main -I/usr/include/php8/TSRM -I/usr/include/php8/Zend -I/usr/include/php8/ext -I/usr/include/php8/ext/date/lib -I/usr/include/pgsql conftest.c >&5
configure:4925: $? = 0
configure:4925: result: yes
configure:4925: checking for stdint.h
configure:4925: cc -c -g -O2  -I/usr/include/pgsql -I/usr/include/php8 -I/usr/include/php8/main -I/usr/include/php8/TSRM -I/usr/include/php8/Zend -I/usr/include/php8/ext -I/usr/include/php8/ext/date/lib -I/usr/include/pgsql conftest.c >&5
configure:4925: $? = 0
configure:4925: result: yes
configure:4925: checking for strings.h
configure:4925: cc -c -g -O2  -I/usr/include/pgsql -I/usr/include/php8 -I/usr/include/php8/main -I/usr/include/php8/TSRM -I/usr/include/php8/Zend -I/usr/include/php8/ext -I/usr/include/php8/ext/date/lib -I/usr/include/pgsql conftest.c >&5
configure:4925: $? = 0
configure:4925: result: yes
configure:4925: checking for sys/stat.h
configure:4925: cc -c -g -O2  -I/usr/include/pgsql -I/usr/include/php8 -I/usr/include/php8/main -I/usr/include/php8/TSRM -I/usr/include/php8/Zend -I/usr/include/php8/ext -I/usr/include/php8/ext/date/lib -I/usr/include/pgsql conftest.c >&5
configure:4925: $? = 0
configure:4925: result: yes
configure:4925: checking for sys/types.h
configure:4925: cc -c -g -O2  -I/usr/include/pgsql -I/usr/include/php8 -I/usr/include/php8/main -I/usr/include/php8/TSRM -I/usr/include/php8/Zend -I/usr/include/php8/ext -I/usr/include/php8/ext/date/lib -I/usr/include/pgsql conftest.c >&5
configure:4925: $? = 0
configure:4925: result: yes
configure:4925: checking for unistd.h
configure:4925: cc -c -g -O2  -I/usr/include/pgsql -I/usr/include/php8 -I/usr/include/php8/main -I/usr/include/php8/TSRM -I/usr/include/php8/Zend -I/usr/include/php8/ext -I/usr/include/php8/ext/date/lib -I/usr/include/pgsql conftest.c >&5
configure:4925: $? = 0
configure:4925: result: yes
configure:4950: checking for libpq-fe.h
configure:4950: cc -c -g -O2  -I/usr/include/pgsql -I/usr/include/php8 -I/usr/include/php8/main -I/usr/include/php8/TSRM -I/usr/include/php8/Zend -I/usr/include/php8/ext -I/usr/include/php8/ext/date/lib -I/usr/include/pgsql conftest.c >&5
configure:4950: $? = 0
configure:4950: result: yes
configure:5084: checking for PQexec in -lpq
configure:5113: cc -o conftest -g -O2  -Wl,-rpath,/usr/lib/postgresql17/lib64 -L/usr/lib/postgresql17/lib64  -lpq conftest.c -lpq   >&5
configure:5113: $? = 0
configure:5125: result: yes
configure:5459: result: 
configure:5461: result: [1mConfiguring libtool[m
configure:5549: checking for a sed that does not truncate output
configure:5605: result: /bin/sed
configure:5621: checking for ld used by cc
configure:5690: result: /usr/x86_64-suse-linux/bin/ld
configure:5697: checking if the linker (/usr/x86_64-suse-linux/bin/ld) is GNU ld
configure:5714: result: yes
configure:5719: checking for /usr/x86_64-suse-linux/bin/ld option to reload object files
configure:5728: result: -r
configure:5746: checking for BSD-compatible nm
configure:5797: result: /bin/nm -B
configure:5801: checking whether ln -s works
configure:5805: result: yes
configure:5812: checking how to recognize dependent libraries
configure:6000: result: pass_all
configure:6085: cc -c -g -O2  conftest.c >&5
configure:6088: $? = 0
configure:6221: checking for dlfcn.h
configure:6221: cc -c -g -O2  conftest.c >&5
configure:6221: $? = 0
configure:6221: result: yes
configure:6240: checking the maximum length of command line arguments
configure:6354: result: 2400000
configure:6366: checking command to parse /bin/nm -B output from cc object
configure:6472: cc -c -g -O2  conftest.c >&5
configure:6475: $? = 0
configure:6479: /bin/nm -B conftest.o \| sed -n -e 's/^.*[ 	]\([ABCDGIRSTW][ABCDGIRSTW]*\)[ 	][ 	]*\([_A-Za-z][_A-Za-z0-9]*\)$/\1 \2 \2/p' \> conftest.nm
configure:6482: $? = 0
configure:6534: cc -o conftest -g -O2   conftest.c conftstm.o >&5
configure:6537: $? = 0
configure:6576: result: ok
configure:6580: checking for objdir
configure:6597: result: .libs
configure:6695: checking for ar
configure:6716: found /bin/ar
configure:6728: result: ar
configure:6799: checking for ranlib
configure:6820: found /bin/ranlib
configure:6832: result: ranlib
configure:6903: checking for strip
configure:6924: found /bin/strip
configure:6936: result: strip
configure:7539: checking if cc supports -fno-rtti -fno-exceptions
configure:7558: cc -c -g -O2  -fno-rtti -fno-exceptions conftest.c >&5
cc1: warning: command-line option '-fno-rtti' is valid for C++/D/ObjC++ but not for C
configure:7562: $? = 0
configure:7576: result: no
configure:7591: checking for cc option to produce PIC
configure:7831: result: -fPIC
configure:7839: checking if cc PIC flag -fPIC works
configure:7858: cc -c -g -O2  -fPIC -DPIC conftest.c >&5
configure:7862: $? = 0
configure:7876: result: yes
configure:7904: checking if cc static flag -static works
configure:7934: result: yes
configure:7944: checking if cc supports -c -o file.o
configure:7966: cc -c -g -O2  -o out/conftest2.o conftest.c >&5
configure:7970: $? = 0
configure:7993: result: yes
configure:8019: checking whether the cc linker (/usr/x86_64-suse-linux/bin/ld -m elf_x86_64) supports shared libraries
configure:8947: result: yes
configure:8968: checking whether -lc should be explicitly linked in
configure:8973: cc -c -g -O2  conftest.c >&5
configure:8976: $? = 0
configure:8991: cc -shared conftest.o  -v -Wl,-soname -Wl,conftest -o conftest 2\>\&1 \| grep  -lc  \>/dev/null 2\>\&1
configure:8994: $? = 0
configure:9006: result: no
configure:9014: checking dynamic linker characteristics
configure:9623: result: GNU/Linux ld.so
configure:9651: checking how to hardcode library paths into programs
configure:9676: result: immediate
configure:9690: checking whether stripping libraries is possible
configure:9695: result: yes
configure:10258: checking if libtool supports shared libraries
configure:10260: result: yes
configure:10263: checking whether to build shared libraries
configure:10284: result: yes
configure:10287: checking whether to build static libraries
configure:10291: result: no
configure:10385: result:
creating libtool
configure:14029: result: 
configure:14031: result: [1mGenerating files[m
configure:14156: creating build directories
configure:14161: creating Makefile
configure:14177: patching config.h.in
configure:14188: creating ./config.status

## ---------------------- ##
## Running config.status. ##
## ---------------------- ##

This file was extended by config.status, which was
generated by GNU Autoconf 2.72.  Invocation command line was

  CONFIG_FILES    = 
  CONFIG_HEADERS  = 
  CONFIG_LINKS    = 
  CONFIG_COMMANDS = 
  $ ./config.status 

on localhost.localdomain

config.status:673: creating config.h
configure:15085: WARNING: unrecognized options: --with-libpq

## ---------------- ##
## Cache variables. ##
## ---------------- ##

ac_cv_build=x86_64-pc-linux-gnu
ac_cv_c_compiler_gnu=yes
ac_cv_env_CC_set=
ac_cv_env_CC_value=
ac_cv_env_CFLAGS_set=
ac_cv_env_CFLAGS_value=
ac_cv_env_CPPFLAGS_set=
ac_cv_env_CPPFLAGS_value=
ac_cv_env_CPP_set=
ac_cv_env_CPP_value=
ac_cv_env_LDFLAGS_set=
ac_cv_env_LDFLAGS_value=
ac_cv_env_LIBS_set=
ac_cv_env_LIBS_value=
ac_cv_env_PKG_CONFIG_LIBDIR_set=
ac_cv_env_PKG_CONFIG_LIBDIR_value=
ac_cv_env_PKG_CONFIG_PATH_set=
ac_cv_env_PKG_CONFIG_PATH_value=
ac_cv_env_PKG_CONFIG_set=
ac_cv_env_PKG_CONFIG_value=
ac_cv_env_build_alias_set=
ac_cv_env_build_alias_value=
ac_cv_env_host_alias_set=
ac_cv_env_host_alias_value=
ac_cv_env_target_alias_set=
ac_cv_env_target_alias_value=
ac_cv_header_dlfcn_h=yes
ac_cv_header_inttypes_h=yes
ac_cv_header_libpq_fe_h=yes
ac_cv_header_stdint_h=yes
ac_cv_header_stdio_h=yes
ac_cv_header_stdlib_h=yes
ac_cv_header_string_h=yes
ac_cv_header_strings_h=yes
ac_cv_header_sys_stat_h=yes
ac_cv_header_sys_types_h=yes
ac_cv_header_unistd_h=yes
ac_cv_host=x86_64-pc-linux-gnu
ac_cv_lib_pq_PQexec=yes
ac_cv_objext=o
ac_cv_path_EGREP='/bin/grep -E'
ac_cv_path_EGREP_TRADITIONAL='/bin/grep -E'
ac_cv_path_GREP=/bin/grep
ac_cv_path_SED=/bin/sed
ac_cv_path_ac_pt_PKG_CONFIG=/bin/pkg-config
ac_cv_prog_AWK=gawk
ac_cv_prog_CPP='cc -E'
ac_cv_prog_ac_ct_AR=ar
ac_cv_prog_ac_ct_CC=cc
ac_cv_prog_ac_ct_RANLIB=ranlib
ac_cv_prog_ac_ct_STRIP=strip
ac_cv_prog_cc_c11=
ac_cv_prog_cc_g=yes
ac_cv_prog_cc_stdc=
ac_cv_target=x86_64-pc-linux-gnu
lt_cv_deplibs_check_method=pass_all
lt_cv_file_magic_cmd='$MAGIC_CMD'
lt_cv_file_magic_test_file=
lt_cv_ld_reload_flag=-r
lt_cv_objdir=.libs
lt_cv_path_LD=/usr/x86_64-suse-linux/bin/ld
lt_cv_path_NM='/bin/nm -B'
lt_cv_path_SED=/bin/sed
lt_cv_prog_compiler_c_o=yes
lt_cv_prog_compiler_pic_works=yes
lt_cv_prog_compiler_rtti_exceptions=no
lt_cv_prog_compiler_static_works=yes
lt_cv_prog_gnu_ld=yes
lt_cv_sys_global_symbol_pipe='sed -n -e '\''s/^.*[ 	]\([ABCDGIRSTW][ABCDGIRSTW]*\)[ 	][ 	]*\([_A-Za-z][_A-Za-z0-9]*\)$/\1 \2 \2/p'\'''
lt_cv_sys_global_symbol_to_c_name_address='sed -n -e '\''s/^: \([^ ]*\) $/  {\"\1\", (lt_ptr) 0},/p'\'' -e '\''s/^[BCDEGRST] \([^ ]*\) \([^ ]*\)$/  {"\2", (lt_ptr) \&\2},/p'\'''
lt_cv_sys_global_symbol_to_cdecl='sed -n -e '\''s/^. .* \(.*\)$/extern int \1;/p'\'''
lt_cv_sys_lib_dlsearch_path_spec='/lib /usr/lib /usr/local/lib64 /usr/local/lib /usr/lib64/pipewire-0.3/jack/ /usr/lib64/zlib-ng-compat '
lt_cv_sys_lib_search_path_spec='/usr/lib64/gcc/x86_64-suse-linux/15 /usr/lib64 /lib64 /usr/x86_64-suse-linux/lib'
lt_cv_sys_max_cmd_len=2400000
lt_lt_cv_prog_compiler_c_o='"yes"'
lt_lt_cv_sys_global_symbol_pipe='"sed -n -e '\''s/^.*[ 	]\\([ABCDGIRSTW][ABCDGIRSTW]*\\)[ 	][ 	]*\\([_A-Za-z][_A-Za-z0-9]*\\)\$/\\1 \\2 \\2/p'\''"'
lt_lt_cv_sys_global_symbol_to_c_name_address='"sed -n -e '\''s/^: \\([^ ]*\\) \$/  {\\\"\\1\\\", (lt_ptr) 0},/p'\'' -e '\''s/^[BCDEGRST] \\([^ ]*\\) \\([^ ]*\\)\$/  {\"\\2\", (lt_ptr) \\&\\2},/p'\''"'
lt_lt_cv_sys_global_symbol_to_cdecl='"sed -n -e '\''s/^. .* \\(.*\\)\$/extern int \\1;/p'\''"'
php_cv_cc_rpath=yes

## ----------------- ##
## Output variables. ##
## ----------------- ##

AR='ar'
AWK='gawk'
BUILD_CC='cc'
CC='cc'
CFLAGS='-g -O2'
CONFIGURE_COMMAND=' '\''./configure'\''  '\''--with-libpq=/usr'\'''
CONFIGURE_OPTIONS=' '\''--with-libpq=/usr'\'''
CPP='cc -E'
CPPFLAGS=' -DHAVE_CONFIG_H'
DEFS='-DHAVE_CONFIG_H'
DSYMUTIL=''
ECHO='echo'
ECHO_C=''
ECHO_N='-n'
ECHO_T=''
EGREP='/bin/grep -E'
EXEEXT=''
GREP='/bin/grep'
LDFLAGS=''
LIBOBJS=''
LIBS=''
LIBTOOL='$(SHELL) $(top_builddir)/libtool'
LN_S='ln -s'
LTLIBOBJS=''
NMEDIT=''
OBJEXT='o'
PACKAGE_BUGREPORT=''
PACKAGE_NAME=''
PACKAGE_STRING=''
PACKAGE_TARNAME=''
PACKAGE_URL=''
PACKAGE_VERSION=''
PATH_SEPARATOR=':'
PKG_CONFIG='/bin/pkg-config'
PKG_CONFIG_LIBDIR=''
PKG_CONFIG_PATH=''
RANLIB='ranlib'
SED='/bin/sed'
SHELL='/bin/sh'
SHLIB_DL_SUFFIX_NAME='so'
SHLIB_SUFFIX_NAME='so'
STRIP='strip'
ac_ct_CC='cc'
bindir='${exec_prefix}/bin'
build='x86_64-pc-linux-gnu'
build_alias=''
build_cpu='x86_64'
build_os='linux-gnu'
build_vendor='pc'
datadir='${datarootdir}'
datarootdir='${prefix}/share'
docdir='${datarootdir}/doc/${PACKAGE}'
dvidir='${docdir}'
exec_prefix='$(prefix)'
host='x86_64-pc-linux-gnu'
host_alias='x86_64-pc-linux-gnu'
host_cpu='x86_64'
host_os='linux-gnu'
host_vendor='pc'
htmldir='${docdir}'
includedir='${prefix}/include'
infodir='${datarootdir}/info'
libdir='${exec_prefix}/lib64'
libexecdir='${exec_prefix}/libexec'
localedir='${datarootdir}/locale'
localstatedir='${prefix}/var'
mandir='${datarootdir}/man'
oldincludedir='/usr/include'
pdfdir='${docdir}'
prefix='/usr'
program_transform_name='s,x,x,'
psdir='${docdir}'
runstatedir='${localstatedir}/run'
sbindir='${exec_prefix}/sbin'
sharedstatedir='${prefix}/com'
sysconfdir='${prefix}/etc'
target='x86_64-pc-linux-gnu'
target_alias=''
target_cpu='x86_64'
target_os='linux-gnu'
target_vendor='pc'

## ----------- ##
## confdefs.h. ##
## ----------- ##

/* confdefs.h */
#define PACKAGE_NAME ""
#define PACKAGE_TARNAME ""
#define PACKAGE_VERSION ""
#define PACKAGE_STRING ""
#define PACKAGE_BUGREPORT ""
#define PACKAGE_URL ""
#define HAVE_STDIO_H 1
#define HAVE_STDLIB_H 1
#define HAVE_STRING_H 1
#define HAVE_INTTYPES_H 1
#define HAVE_STDINT_H 1
#define HAVE_STRINGS_H 1
#define HAVE_SYS_STAT_H 1
#define HAVE_SYS_TYPES_H 1
#define HAVE_UNISTD_H 1
#define STDC_HEADERS 1
#define HAVE_LIBPQ 1
#define COMPILE_DL_PGSQL_MAPPER 1
#define HAVE_DLFCN_H 1

configure: exit 0
